<?xml version="1.0" encoding="UTF-8"?>
<!-- Generated by org.testng.reporters.JUnitReportReporter -->
<testsuite hostname="LAPTOP-269MHU9G" failures="0" tests="5" name="com.testng.selenium.v1.firsttestngfile" time="28.450" errors="0" timestamp="2023-01-12T08:31:08 NPT" skipped="0">
  <testcase classname="com.testng.selenium.v1.firsttestngfile" name="validLogin" time="8.915"/>
  <system-out/>
  <testcase classname="com.testng.selenium.v1.firsttestngfile" name="invalidPasswordLogin" time="5.575"/>
  <system-out/>
  <testcase classname="com.testng.selenium.v1.firsttestngfile" name="invalidUsernameLogin" time="7.082"/>
  <system-out/>
  <testcase classname="com.testng.selenium.v1.firsttestngfile" name="invalidEmptyLogin" time="3.677"/>
  <system-out/>
  <testcase classname="com.testng.selenium.v1.firsttestngfile" name="verifyHomepageTitle" time="3.201"/>
  <system-out/>
</testsuite> <!-- com.testng.selenium.v1.firsttestngfile -->
