<?xml version="1.0" encoding="UTF-8"?>
<!-- Generated by org.testng.reporters.JUnitReportReporter -->
<testsuite hostname="LAPTOP-269MHU9G" failures="0" tests="1" name="com.testng.selenium.v1.SeleniumTestngTest" time="0.030" errors="0" timestamp="2023-01-09T15:57:18 NPT" skipped="0">
  <testcase classname="com.testng.selenium.v1.SeleniumTestngTest" name="verifyHomepageTitle" time="0.030"/>
  <system-out/>
</testsuite> <!-- com.testng.selenium.v1.SeleniumTestngTest -->
