<?xml version="1.0" encoding="UTF-8"?>
<!-- Generated by org.testng.reporters.JUnitReportReporter -->
<testsuite hostname="LAPTOP-269MHU9G" failures="0" tests="3" name="com.testng.selenium.v1.magnetoTest" time="0.025" errors="0" timestamp="2023-01-12T08:15:41 NPT" skipped="0">
  <testcase classname="com.testng.selenium.v1.magnetoTest" name="titleTest" time="0.004"/>
  <system-out/>
  <testcase classname="com.testng.selenium.v1.magnetoTest" name="logoTest" time="0.018"/>
  <system-out/>
  <testcase classname="com.testng.selenium.v1.magnetoTest" name="searchTest" time="0.003"/>
  <system-out/>
</testsuite> <!-- com.testng.selenium.v1.magnetoTest -->
