<?xml version="1.0" encoding="UTF-8"?>
<!-- Generated by org.testng.reporters.JUnitReportReporter -->
<testsuite hostname="LAPTOP-269MHU9G" failures="0" tests="5" name="com.testng.selenium.v1.firsttestngfile" time="22.704" errors="0" timestamp="2023-01-10T13:18:30 NPT" skipped="0">
  <testcase classname="com.testng.selenium.v1.firsttestngfile" name="validLogin" time="5.030"/>
  <system-out/>
  <testcase classname="com.testng.selenium.v1.firsttestngfile" name="verifyHomepageTitle" time="3.133"/>
  <system-out/>
  <testcase classname="com.testng.selenium.v1.firsttestngfile" name="invalidEmptyLogin" time="6.591"/>
  <system-out/>
  <testcase classname="com.testng.selenium.v1.firsttestngfile" name="invalidPasswordLogin" time="3.875"/>
  <system-out/>
  <testcase classname="com.testng.selenium.v1.firsttestngfile" name="invalidUsernameLogin" time="4.075"/>
  <system-out/>
</testsuite> <!-- com.testng.selenium.v1.firsttestngfile -->
